[2014-10-06 08:44:15] START
[2014-10-06 08:44:15] EDIT srcapost/views/default/index.html: 0
[2014-10-06 08:45:03] EDIT srcapost/controllers/default.py: 0
[2014-10-06 08:45:55] EDIT srcapost/controllers/default.py: 0
[2014-10-06 08:49:24] EDIT srcapost/controllers/default.py: 0
[2014-10-06 08:50:11] EDIT srcapost/controllers/default.py: 0
[2014-10-06 08:55:31] EDIT srcapost/controllers/default.py: 0
[2014-10-06 08:56:14] EDIT srcapost/views/default/index.html: 0
[2014-10-06 09:10:56] EDIT aripost/views/default/index.html: 0
[2014-10-06 09:11:41] EDIT aripost/controllers/default.py: 0
[2014-10-06 09:12:12] EDIT aripost/controllers/default.py: 0
[2014-10-06 09:16:19] EDIT aripost/views/default/index.html: 0
[2014-10-06 09:20:37] EDIT aripost/views/default/index.html: 0
[2014-10-06 09:23:46] EDIT aripost/views/default/index.html: -1
[2014-10-06 09:28:16] EDIT aripost/views/default/index.html: 0
[2014-10-06 09:29:34] EDIT aripost/views/default/index.html: 0
[2014-10-06 09:29:49] EDIT aripost/views/default/index.html: 0
[2014-10-06 09:30:31] EDIT aripost/views/default/index.html: 0
[2014-10-06 09:30:49] EDIT aripost/views/default/index.html: 1
[2014-10-06 09:33:32] EDIT aripost/views/default/index.html: -1
[2014-10-06 09:33:58] EDIT aripost/views/default/index.html: 0
[2014-10-06 09:34:30] EDIT aripost/views/default/index.html: 0
[2014-10-06 09:35:11] EDIT aripost/views/default/index.html: 0
[2014-10-06 09:36:02] EDIT aripost/views/default/index.html: 0
[2014-10-06 09:36:21] EDIT aripost/views/default/index.html: 0
[2014-10-06 09:37:45] EDIT aripost/views/default/index.html: -1
[2014-10-06 09:39:22] EDIT aripost/views/default/index.html: 1
[2014-10-06 09:39:39] EDIT aripost/views/default/index.html: 1
[2014-10-06 09:41:35] EDIT aripost/controllers/default.py: -1
[2014-10-06 09:42:48] EDIT aripost/controllers/default.py: 1
[2014-10-06 09:45:52] EDIT aripost/controllers/default.py: 0
[2014-10-06 09:46:58] EDIT aripost/controllers/default.py: 0
[2014-10-06 09:48:04] EDIT aripost/controllers/default.py: -1
[2014-10-06 09:48:54] EDIT aripost/controllers/default.py: 0
[2014-10-06 09:49:07] EDIT aripost/controllers/default.py: 0
[2014-10-06 09:49:21] EDIT aripost/controllers/default.py: 1
[2014-10-06 09:49:45] EDIT aripost/controllers/default.py: -1
[2014-10-06 09:51:44] EDIT aripost/controllers/default.py: 0
[2014-10-06 09:51:58] EDIT aripost/controllers/default.py: 0
[2014-10-06 09:52:43] EDIT aripost/controllers/default.py: 0
[2014-10-06 09:53:01] EDIT aripost/controllers/default.py: 0
[2014-10-06 09:53:06] EDIT aripost/controllers/default.py: 0
[2014-10-06 09:53:17] EDIT aripost/controllers/default.py: 0
[2014-10-06 09:53:33] EDIT aripost/controllers/default.py: 0
[2014-10-06 09:53:39] EDIT aripost/controllers/default.py: 0
[2014-10-06 09:54:00] EDIT aripost/controllers/default.py: 0
[2014-10-06 09:54:17] EDIT aripost/controllers/default.py: 0
[2014-10-06 09:54:49] EDIT aripost/controllers/default.py: 0
[2014-10-06 09:55:20] EDIT aripost/controllers/default.py: 0
[2014-10-06 09:56:27] EDIT aripost/views/default/index.html: -2
[2014-10-06 09:57:11] EDIT aripost/views/default/index.html: 0
[2014-10-06 09:57:49] EDIT aripost/controllers/default.py: 0
[2014-10-06 09:58:46] EDIT aripost/controllers/default.py: 0
[2014-10-15 18:08:05] EDIT prueba_pyserial/views/default/index.html: 0
[2014-10-15 18:20:56] EDIT prueba_pyserial/views/default/index.html: -3
[2014-10-15 18:21:31] EDIT prueba_pyserial/views/default/index.html: -1
[2014-10-15 18:21:56] EDIT prueba_pyserial/views/default/index.html: -1
[2014-10-15 18:22:48] EDIT prueba_pyserial/views/default/index.html: -10
[2014-10-17 17:44:56] EDIT prueba_pyserial/views/default/index.html: 14
[2014-10-17 17:54:16] EDIT prueba_pyserial/views/default/index.html: 0
[2014-10-30 19:22:01] EDIT prueba_pyserial2/views/layout.html: -1
[2014-10-30 19:22:36] EDIT prueba_pyserial2/views/layout.html: 1
[2014-10-30 19:22:44] EDIT prueba_pyserial2/views/layout.html: 0
[2014-10-30 19:38:14] EDIT prueba_pyserial2/views/layout.html: -8
[2014-10-30 19:39:29] EDIT prueba_pyserial2/views/layout.html: 1
[2014-10-30 19:40:19] EDIT prueba_pyserial2/views/layout.html: 1
[2014-10-30 19:45:16] EDIT prueba_pyserial2/views/layout.html: 0
[2014-10-30 19:47:53] EDIT prueba_pyserial2/views/layout.html: -1
[2014-10-30 19:48:22] EDIT prueba_pyserial2/views/layout.html: 1
[2014-10-30 19:49:48] EDIT prueba_pyserial2/views/layout.html: -1
[2014-10-30 19:51:39] EDIT prueba_pyserial2/views/layout.html: 0
